<?xml version="1.0" encoding="UTF-8"?>
<!-- Generated by org.testng.reporters.JUnitReportReporter -->
<testsuite skipped="0" hostname="ATMECSINLT-087" name="com.atmecsautomation.testscripts.MoreInfoScripts" tests="5" failures="0" timestamp="03 Oct 2019 13:11:24 GMT" time="26.816" errors="0">
  <testcase name="moreInfo" time="6.115" classname="com.atmecsautomation.testscripts.MoreInfoScripts"/>
  <testcase name="moreInfo" time="4.840" classname="com.atmecsautomation.testscripts.MoreInfoScripts"/>
  <testcase name="moreInfo" time="4.971" classname="com.atmecsautomation.testscripts.MoreInfoScripts"/>
  <testcase name="moreInfo" time="5.133" classname="com.atmecsautomation.testscripts.MoreInfoScripts"/>
  <testcase name="moreInfo" time="5.757" classname="com.atmecsautomation.testscripts.MoreInfoScripts"/>
</testsuite> <!-- com.atmecsautomation.testscripts.MoreInfoScripts -->
