<?xml version="1.0" encoding="UTF-8"?>
<!-- Generated by org.testng.reporters.JUnitReportReporter -->
<testsuite skipped="0" hostname="ATMECSINLT-087" name="com.atmecsautomation.testscripts.ExploreNowScripts" tests="2" failures="0" timestamp="03 Oct 2019 13:11:24 GMT" time="11.027" errors="0">
  <testcase name="homePageRedirection" time="0.157" classname="com.atmecsautomation.testscripts.ExploreNowScripts"/>
  <testcase name="exploreNow" time="10.870" classname="com.atmecsautomation.testscripts.ExploreNowScripts"/>
</testsuite> <!-- com.atmecsautomation.testscripts.ExploreNowScripts -->
