<?xml version="1.0" encoding="UTF-8"?>
<!-- Generated by org.testng.reporters.JUnitReportReporter -->
<testsuite skipped="0" hostname="ATMECSINLT-087" name="com.atmecsautomation.testscripts.MoreInfoScripts" tests="5" failures="0" timestamp="03 Oct 2019 09:49:53 GMT" time="46.943" errors="0">
  <testcase name="moreInfo" time="5.634" classname="com.atmecsautomation.testscripts.MoreInfoScripts"/>
  <testcase name="moreInfo" time="24.453" classname="com.atmecsautomation.testscripts.MoreInfoScripts"/>
  <testcase name="moreInfo" time="5.448" classname="com.atmecsautomation.testscripts.MoreInfoScripts"/>
  <testcase name="moreInfo" time="5.870" classname="com.atmecsautomation.testscripts.MoreInfoScripts"/>
  <testcase name="moreInfo" time="5.538" classname="com.atmecsautomation.testscripts.MoreInfoScripts"/>
</testsuite> <!-- com.atmecsautomation.testscripts.MoreInfoScripts -->
